Dec 29 01:07:27 (68.28.1) AuthenticationAllowed completed: record "adamlouis", result: Success (0).
Dec 29 01:07:27 (68.29.1) AuthenticationAllowed completed: record "adamlouis", result: Success (0).
Dec 29 01:39:30 (68.30.1) AuthenticationAllowed completed: record "adamlouis", result: Success (0).
Dec 29 01:39:31 (68.31.1) AuthenticationAllowed completed: record "adamlouis", result: Success (0).
Dec 29 01:46:50 Account Policy Helper agent starting
Dec 29 01:46:50 (68.1.1) PasswordChangeAllowed completed: record "_mbsetupuser", result: Success (0).
Dec 29 01:46:50 (68.2.1) PasswordChangeAllowed completed: record "adamlouis", result: Success (0).
Dec 29 01:46:50 (68.3.1) AuthenticationAllowed completed: record "adamlouis", result: Success (0).
Dec 29 01:46:50 (68.4.1) SecondsUntilPasswordExpires completed: record "adamlouis", result: never expires.
Dec 29 01:46:50 (68.5.1) AuthenticationAllowed completed: record "_mbsetupuser", result: Success (0).
Dec 29 01:46:50 (68.6.1) AuthenticationAllowed completed: record "adamlouis", result: Success (0).
Dec 29 01:47:00 (68.7.1) AuthenticationAllowed completed: record "adamlouis", result: Success (0).
Dec 29 01:47:00 (68.8.1) AuthenticationAllowed completed: record "adamlouis", result: Success (0).
Dec 29 01:47:00 (68.9.1) AuthenticationAllowed completed: record "adamlouis", result: Success (0).
Dec 29 01:47:00 (68.10.1) PasswordChangeAllowed completed: record "adamlouis", result: Success (0).
Dec 29 01:47:00 (68.11.1) AuthenticationAllowed completed: record "adamlouis", result: Success (0).
Dec 29 01:51:54 Account Policy Helper agent starting
Dec 29 01:51:54 (68.1.1) PasswordChangeAllowed completed: record "_mbsetupuser", result: Success (0).
Dec 29 01:51:54 (68.2.1) PasswordChangeAllowed completed: record "adamlouis", result: Success (0).
Dec 29 01:51:54 (68.3.1) AuthenticationAllowed completed: record "adamlouis", result: Success (0).
Dec 29 01:51:54 (68.4.1) SecondsUntilPasswordExpires completed: record "adamlouis", result: never expires.
Dec 29 01:51:54 (68.5.1) AuthenticationAllowed completed: record "_mbsetupuser", result: Success (0).
Dec 29 01:51:54 (68.6.1) AuthenticationAllowed completed: record "adamlouis", result: Success (0).
Dec 29 01:52:37 (68.7.1) AuthenticationAllowed completed: record "adamlouis", result: Success (0).
Dec 29 01:52:37 (68.8.1) AuthenticationAllowed completed: record "adamlouis", result: Success (0).
Dec 29 01:52:37 (68.9.1) AuthenticationAllowed completed: record "adamlouis", result: Success (0).
Dec 29 01:52:37 (68.10.1) PasswordChangeAllowed completed: record "adamlouis", result: Success (0).
Dec 29 01:52:38 (68.11.1) AuthenticationAllowed completed: record "adamlouis", result: Success (0).
Dec 29 01:54:06 (68.12.1) AuthenticationAllowed completed: record "adamlouis", result: Success (0).
Dec 29 01:54:35 (68.13.1) AuthenticationAllowed completed: record "adamlouis", result: Success (0).
Dec 29 02:04:42 (68.14.1) AuthenticationAllowed completed: record "adamlouis", result: Success (0).
Dec 29 02:06:19 (68.15.1) AuthenticationAllowed completed: record "adamlouis", result: Success (0).
Dec 29 02:07:43 (68.16.1) AuthenticationAllowed completed: record "adamlouis", result: Success (0).
Dec 29 02:12:13 (68.17.1) AuthenticationAllowed completed: record "adamlouis", result: Success (0).
Dec 29 02:15:30 (68.18.1) AuthenticationAllowed completed: record "adamlouis", result: Success (0).
Dec 29 02:15:56 (68.19.1) AuthenticationAllowed completed: record "adamlouis", result: Success (0).
Dec 29 02:18:00 (68.20.1) AuthenticationAllowed completed: record "adamlouis", result: Success (0).
Dec 29 02:18:03 (68.21.1) AuthenticationAllowed completed: record "adamlouis", result: Success (0).
Dec 29 02:18:15 (68.22.1) AuthenticationAllowed completed: record "adamlouis", result: Success (0).
Dec 29 02:19:16 (68.23.1) AuthenticationAllowed completed: record "adamlouis", result: Success (0).
Dec 29 02:19:16 (68.24.1) AuthenticationAllowed completed: record "adamlouis", result: Success (0).
Dec 29 02:19:40 (68.25.1) AuthenticationAllowed completed: record "adamlouis", result: Success (0).
Dec 29 02:19:40 (68.26.1) AuthenticationAllowed completed: record "adamlouis", result: Success (0).
Dec 29 02:19:50 (68.27.1) AuthenticationAllowed completed: record "adamlouis", result: Success (0).
Dec 29 02:19:50 (68.28.1) AuthenticationAllowed completed: record "adamlouis", result: Success (0).
Dec 29 02:19:58 (68.29.1) AuthenticationAllowed completed: record "adamlouis", result: Success (0).
Dec 29 02:20:09 (68.30.1) AuthenticationAllowed completed: record "adamlouis", result: Success (0).
Dec 29 02:20:18 (68.31.1) AuthenticationAllowed completed: record "adamlouis", result: Success (0).
Dec 29 02:20:58 (68.32.1) AuthenticationAllowed completed: record "adamlouis", result: Success (0).
Dec 29 02:27:11 (68.33.1) AuthenticationAllowed completed: record "adamlouis", result: Success (0).
Dec 29 02:29:20 Account Policy Helper agent starting
Dec 29 02:29:20 (68.1.1) PasswordChangeAllowed completed: record "_mbsetupuser", result: Success (0).
Dec 29 02:29:20 (68.2.1) PasswordChangeAllowed completed: record "adamlouis", result: Success (0).
Dec 29 02:29:21 (68.3.1) AuthenticationAllowed completed: record "adamlouis", result: Success (0).
Dec 29 02:29:21 (68.4.1) SecondsUntilPasswordExpires completed: record "adamlouis", result: never expires.
Dec 29 02:29:21 (68.5.1) AuthenticationAllowed completed: record "adamlouis", result: Success (0).
Dec 29 02:29:21 (68.6.1) AuthenticationAllowed completed: record "_mbsetupuser", result: Success (0).
Dec 29 02:29:26 (68.7.1) AuthenticationAllowed completed: record "adamlouis", result: Success (0).
Dec 29 02:29:26 (68.8.1) AuthenticationAllowed completed: record "adamlouis", result: Success (0).
Dec 29 02:29:26 (68.9.1) AuthenticationAllowed completed: record "adamlouis", result: Success (0).
Dec 29 02:29:26 (68.10.1) PasswordChangeAllowed completed: record "adamlouis", result: Success (0).
Dec 29 02:29:26 (68.11.1) AuthenticationAllowed completed: record "adamlouis", result: Success (0).
Dec 29 02:30:43 (68.12.1) AuthenticationAllowed completed: record "adamlouis", result: Success (0).
Dec 29 02:43:53 (68.13.1) AuthenticationAllowed completed: record "adamlouis", result: Success (0).
Dec 29 02:44:02 (68.14.1) AuthenticationAllowed completed: record "adamlouis", result: Success (0).
Dec 29 02:44:53 (68.15.1) AuthenticationAllowed completed: record "adamlouis", result: Success (0).
Dec 29 03:15:32 Account Policy Helper agent starting
Dec 29 03:15:32 (68.1.1) PasswordChangeAllowed completed: record "_mbsetupuser", result: Success (0).
Dec 29 03:15:32 (68.2.1) PasswordChangeAllowed completed: record "adamlouis", result: Success (0).
Dec 29 03:15:32 (68.3.1) AuthenticationAllowed completed: record "adamlouis", result: Success (0).
Dec 29 03:15:32 (68.4.1) SecondsUntilPasswordExpires completed: record "adamlouis", result: never expires.
Dec 29 03:15:32 (68.5.1) AuthenticationAllowed completed: record "adamlouis", result: Success (0).
Dec 29 03:15:32 (68.6.1) AuthenticationAllowed completed: record "_mbsetupuser", result: Success (0).
Dec 29 03:16:16 (68.7.1) AuthenticationAllowed completed: record "adamlouis", result: Success (0).
Dec 29 03:16:20 (68.8.1) AuthenticationAllowed completed: record "adamlouis", result: Success (0).
Dec 29 03:16:20 (68.9.1) AuthenticationAllowed completed: record "adamlouis", result: Success (0).
Dec 29 03:16:20 (68.10.1) AuthenticationAllowed completed: record "adamlouis", result: Success (0).
Dec 29 03:16:20 (68.11.1) PasswordChangeAllowed completed: record "adamlouis", result: Success (0).
Dec 29 03:16:20 (68.12.1) AuthenticationAllowed completed: record "adamlouis", result: Success (0).
Dec 29 03:17:20 (68.13.1) AuthenticationAllowed completed: record "adamlouis", result: Success (0).
Dec 29 03:18:03 (68.14.1) AuthenticationAllowed completed: record "adamlouis", result: Success (0).
Dec 29 11:37:32 (68.15.1) AuthenticationAllowed completed: record "adamlouis", result: Success (0).
Dec 29 11:37:32 (68.16.1) AuthenticationAllowed completed: record "adamlouis", result: Success (0).
Dec 29 13:11:15 (68.17.1) AuthenticationAllowed completed: record "adamlouis", result: Success (0).
Dec 29 13:11:15 (68.18.1) AuthenticationAllowed completed: record "adamlouis", result: Success (0).
Dec 29 14:27:14 (68.19.1) AuthenticationAllowed completed: record "adamlouis", result: Success (0).
Dec 29 14:32:21 Account Policy Helper agent starting
Dec 29 14:32:21 (68.1.1) PasswordChangeAllowed completed: record "_mbsetupuser", result: Success (0).
Dec 29 14:32:21 (68.2.1) PasswordChangeAllowed completed: record "adamlouis", result: Success (0).
Dec 29 14:32:21 (68.3.1) AuthenticationAllowed completed: record "adamlouis", result: Success (0).
Dec 29 14:32:21 (68.4.1) SecondsUntilPasswordExpires completed: record "adamlouis", result: never expires.
Dec 29 14:32:21 (68.5.1) AuthenticationAllowed completed: record "_mbsetupuser", result: Success (0).
Dec 29 14:32:21 (68.6.1) AuthenticationAllowed completed: record "adamlouis", result: Success (0).
Dec 29 14:32:26 (68.7.1) AuthenticationAllowed completed: record "adamlouis", result: Success (0).
Dec 29 14:32:26 (68.8.1) AuthenticationAllowed completed: record "adamlouis", result: Success (0).
Dec 29 14:32:26 (68.9.1) AuthenticationAllowed completed: record "adamlouis", result: Success (0).
Dec 29 14:32:26 (68.10.1) PasswordChangeAllowed completed: record "adamlouis", result: Success (0).
Dec 29 14:32:26 (68.11.1) AuthenticationAllowed completed: record "adamlouis", result: Success (0).
Dec 29 14:34:09 (68.12.1) AuthenticationAllowed completed: record "adamlouis", result: Success (0).
Dec 29 14:35:22 (68.13.1) AuthenticationAllowed completed: record "adamlouis", result: Success (0).
Dec 29 14:36:17 (68.14.1) AuthenticationAllowed completed: record "adamlouis", result: Success (0).
Dec 29 14:37:32 (68.15.1) AuthenticationAllowed completed: record "adamlouis", result: Success (0).
Dec 29 14:41:00 Account Policy Helper agent starting
Dec 29 14:41:00 (68.1.1) PasswordChangeAllowed completed: record "_mbsetupuser", result: Success (0).
Dec 29 14:41:00 (68.2.1) PasswordChangeAllowed completed: record "adamlouis", result: Success (0).
Dec 29 14:41:01 (68.3.1) AuthenticationAllowed completed: record "adamlouis", result: Success (0).
Dec 29 14:41:01 (68.4.1) SecondsUntilPasswordExpires completed: record "adamlouis", result: never expires.
Dec 29 14:41:01 (68.5.1) AuthenticationAllowed completed: record "adamlouis", result: Success (0).
Dec 29 14:41:01 (68.6.1) AuthenticationAllowed completed: record "_mbsetupuser", result: Success (0).
Dec 29 14:41:06 (68.7.1) AuthenticationAllowed completed: record "adamlouis", result: Success (0).
Dec 29 14:41:06 (68.8.1) AuthenticationAllowed completed: record "adamlouis", result: Success (0).
Dec 29 14:41:06 (68.9.1) AuthenticationAllowed completed: record "adamlouis", result: Success (0).
Dec 29 14:41:06 (68.10.1) PasswordChangeAllowed completed: record "adamlouis", result: Success (0).
Dec 29 14:41:06 (68.11.1) AuthenticationAllowed completed: record "adamlouis", result: Success (0).
Dec 29 14:42:31 (68.12.1) AuthenticationAllowed completed: record "adamlouis", result: Success (0).
Dec 29 14:43:05 (68.13.1) AuthenticationAllowed completed: record "adamlouis", result: Success (0).
Dec 29 14:43:37 (68.14.1) AuthenticationAllowed completed: record "adamlouis", result: Success (0).
Dec 29 14:45:40 Account Policy Helper agent starting
Dec 29 14:45:40 (68.1.1) PasswordChangeAllowed completed: record "_mbsetupuser", result: Success (0).
Dec 29 14:45:40 (68.2.1) PasswordChangeAllowed completed: record "adamlouis", result: Success (0).
Dec 29 14:45:40 (68.3.1) AuthenticationAllowed completed: record "adamlouis", result: Success (0).
Dec 29 14:45:40 (68.4.1) SecondsUntilPasswordExpires completed: record "adamlouis", result: never expires.
Dec 29 14:45:40 (68.5.1) AuthenticationAllowed completed: record "_mbsetupuser", result: Success (0).
Dec 29 14:45:40 (68.6.1) AuthenticationAllowed completed: record "adamlouis", result: Success (0).
Dec 29 14:45:47 (68.7.1) AuthenticationAllowed completed: record "adamlouis", result: Success (0).
Dec 29 14:45:47 (68.8.1) AuthenticationAllowed completed: record "adamlouis", result: Success (0).
Dec 29 14:45:47 (68.9.1) AuthenticationAllowed completed: record "adamlouis", result: Success (0).
Dec 29 14:45:47 (68.10.1) PasswordChangeAllowed completed: record "adamlouis", result: Success (0).
Dec 29 14:45:47 (68.11.1) AuthenticationAllowed completed: record "adamlouis", result: Success (0).
Dec 29 14:46:57 (68.12.1) AuthenticationAllowed completed: record "adamlouis", result: Success (0).
Dec 29 14:47:37 (68.13.1) AuthenticationAllowed completed: record "adamlouis", result: Success (0).
Dec 29 14:50:33 (68.14.1) AuthenticationAllowed completed: record "adamlouis", result: Success (0).
Dec 29 14:52:17 (68.15.1) AuthenticationAllowed completed: record "adamlouis", result: Success (0).
Dec 29 14:52:31 (68.16.1) AuthenticationAllowed completed: record "adamlouis", result: Success (0).
Dec 29 14:52:44 (68.17.1) AuthenticationAllowed completed: record "adamlouis", result: Success (0).
Dec 29 14:58:29 (68.18.1) AuthenticationAllowed completed: record "adamlouis", result: Success (0).
Dec 29 14:59:44 (68.19.1) AuthenticationAllowed completed: record "adamlouis", result: Success (0).
Dec 29 14:59:54 (68.20.1) AuthenticationAllowed completed: record "adamlouis", result: Success (0).
Dec 29 15:01:10 (68.21.1) AuthenticationAllowed completed: record "adamlouis", result: Success (0).
Dec 29 15:01:39 (68.22.1) AuthenticationAllowed completed: record "adamlouis", result: Success (0).
Dec 29 15:03:36 (68.23.1) AuthenticationAllowed completed: record "adamlouis", result: Success (0).
Dec 29 15:06:07 (68.24.1) AuthenticationAllowed completed: record "adamlouis", result: Success (0).
Dec 29 15:06:11 (68.25.1) AuthenticationAllowed completed: record "adamlouis", result: Success (0).
Dec 29 15:06:27 (68.26.1) AuthenticationAllowed completed: record "adamlouis", result: Success (0).
Dec 29 15:08:55 (68.27.1) AuthenticationAllowed completed: record "adamlouis", result: Success (0).
Dec 29 15:10:33 (68.28.1) AuthenticationAllowed completed: record "adamlouis", result: Success (0).
Dec 29 15:14:20 Account Policy Helper agent starting
Dec 29 15:14:20 (68.1.1) PasswordChangeAllowed completed: record "_mbsetupuser", result: Success (0).
Dec 29 15:14:20 (68.2.1) PasswordChangeAllowed completed: record "adamlouis", result: Success (0).
Dec 29 15:14:21 (68.3.1) AuthenticationAllowed completed: record "adamlouis", result: Success (0).
Dec 29 15:14:21 (68.4.1) SecondsUntilPasswordExpires completed: record "adamlouis", result: never expires.
Dec 29 15:14:21 (68.5.1) AuthenticationAllowed completed: record "_mbsetupuser", result: Success (0).
Dec 29 15:14:21 (68.6.1) AuthenticationAllowed completed: record "adamlouis", result: Success (0).
Dec 29 15:15:25 (68.7.1) AuthenticationAllowed completed: record "adamlouis", result: Success (0).
Dec 29 15:15:25 (68.8.1) AuthenticationAllowed completed: record "adamlouis", result: Success (0).
Dec 29 15:15:25 (68.9.1) AuthenticationAllowed completed: record "adamlouis", result: Success (0).
Dec 29 15:15:25 (68.10.1) PasswordChangeAllowed completed: record "adamlouis", result: Success (0).
Dec 29 15:15:25 (68.11.1) AuthenticationAllowed completed: record "adamlouis", result: Success (0).
Dec 29 15:17:17 (68.12.1) AuthenticationAllowed completed: record "adamlouis", result: Success (0).
Dec 29 15:18:14 (68.13.1) AuthenticationAllowed completed: record "adamlouis", result: Success (0).
Dec 29 15:19:44 (68.14.1) AuthenticationAllowed completed: record "adamlouis", result: Success (0).
Dec 29 15:20:12 (68.15.1) AuthenticationAllowed completed: record "adamlouis", result: Success (0).
Dec 29 15:20:15 (68.16.1) AuthenticationAllowed completed: record "adamlouis", result: Success (0).
Dec 29 15:21:30 (68.17.1) AuthenticationAllowed completed: record "adamlouis", result: Success (0).
Dec 29 15:23:03 (68.18.1) AuthenticationAllowed completed: record "adamlouis", result: Success (0).
Dec 29 15:23:07 (68.19.1) AuthenticationAllowed completed: record "adamlouis", result: Success (0).
Dec 29 15:23:10 (68.20.1) AuthenticationAllowed completed: record "adamlouis", result: Success (0).
Dec 29 15:23:10 (68.21.1) AuthenticationAllowed completed: record "adamlouis", result: Success (0).
Dec 29 15:32:30 Account Policy Helper agent starting
Dec 29 15:32:30 (68.1.1) PasswordChangeAllowed completed: record "adamlouis", result: Success (0).
Dec 29 15:32:30 (68.2.1) PasswordChangeAllowed completed: record "_mbsetupuser", result: Success (0).
Dec 29 15:32:30 (68.3.1) AuthenticationAllowed completed: record "adamlouis", result: Success (0).
Dec 29 15:32:30 (68.4.1) SecondsUntilPasswordExpires completed: record "adamlouis", result: never expires.
Dec 29 15:32:30 (68.5.1) AuthenticationAllowed completed: record "_mbsetupuser", result: Success (0).
Dec 29 15:32:30 (68.6.1) AuthenticationAllowed completed: record "adamlouis", result: Success (0).
Dec 29 15:32:35 (68.7.1) AuthenticationAllowed completed: record "adamlouis", result: Success (0).
Dec 29 15:32:35 (68.8.1) AuthenticationAllowed completed: record "adamlouis", result: Success (0).
Dec 29 15:32:35 (68.9.1) AuthenticationAllowed completed: record "adamlouis", result: Success (0).
Dec 29 15:32:35 (68.10.1) PasswordChangeAllowed completed: record "adamlouis", result: Success (0).
Dec 29 15:32:35 (68.11.1) AuthenticationAllowed completed: record "adamlouis", result: Success (0).
Dec 29 15:34:44 (68.12.1) AuthenticationAllowed completed: record "adamlouis", result: Success (0).
Dec 29 17:22:56 (68.13.1) AuthenticationAllowed completed: record "adamlouis", result: Success (0).
Dec 29 17:23:15 (68.14.1) AuthenticationAllowed completed: record "adamlouis", result: Success (0).
Dec 29 17:23:25 (68.15.1) AuthenticationAllowed completed: record "adamlouis", result: Success (0).
Dec 29 17:24:37 (68.16.1) AuthenticationAllowed completed: record "adamlouis", result: Success (0).
Dec 29 17:24:47 (68.17.1) AuthenticationAllowed completed: record "adamlouis", result: Success (0).
Dec 29 17:30:34 (68.18.1) AuthenticationAllowed completed: record "adamlouis", result: Success (0).
Dec 29 17:31:05 (68.19.1) AuthenticationAllowed completed: record "adamlouis", result: Success (0).
Dec 29 17:34:46 (68.20.1) AuthenticationAllowed completed: record "adamlouis", result: Success (0).
Dec 29 17:35:00 (68.21.1) AuthenticationAllowed completed: record "adamlouis", result: Success (0).
Dec 29 17:35:03 (68.22.1) AuthenticationAllowed completed: record "adamlouis", result: Success (0).
Dec 29 17:35:52 (68.23.1) AuthenticationAllowed completed: record "adamlouis", result: Success (0).
Dec 29 17:36:31 (68.24.1) AuthenticationAllowed completed: record "adamlouis", result: Success (0).
Dec 29 17:40:08 (68.25.1) AuthenticationAllowed completed: record "adamlouis", result: Success (0).
Dec 29 17:42:06 (68.26.1) AuthenticationAllowed completed: record "adamlouis", result: Success (0).
Dec 29 17:42:18 (68.27.1) AuthenticationAllowed completed: record "adamlouis", result: Success (0).
Dec 29 17:42:21 (68.28.1) AuthenticationAllowed completed: record "adamlouis", result: Success (0).
Dec 29 17:42:23 (68.29.1) AuthenticationAllowed completed: record "adamlouis", result: Success (0).
Dec 29 17:42:25 (68.30.1) AuthenticationAllowed completed: record "adamlouis", result: Success (0).
Dec 29 17:42:26 (68.31.1) AuthenticationAllowed completed: record "adamlouis", result: Success (0).
Dec 29 17:42:33 (68.32.1) AuthenticationAllowed completed: record "adamlouis", result: Success (0).
Dec 29 17:42:40 (68.33.1) AuthenticationAllowed completed: record "adamlouis", result: Success (0).
Dec 29 17:42:43 (68.34.1) AuthenticationAllowed completed: record "adamlouis", result: Success (0).
Dec 29 17:42:44 (68.35.1) AuthenticationAllowed completed: record "adamlouis", result: Success (0).
Dec 29 17:42:49 (68.36.1) AuthenticationAllowed completed: record "adamlouis", result: Success (0).
Dec 29 17:44:13 (68.37.1) AuthenticationAllowed completed: record "adamlouis", result: Success (0).
Dec 29 17:54:16 (68.38.1) AuthenticationAllowed completed: record "adamlouis", result: Success (0).
Dec 29 17:56:35 (68.39.1) AuthenticationAllowed completed: record "adamlouis", result: Success (0).
Dec 29 17:57:45 (68.40.1) AuthenticationAllowed completed: record "adamlouis", result: Success (0).
Dec 29 18:00:31 (68.41.1) AuthenticationAllowed completed: record "adamlouis", result: Success (0).
Dec 29 18:02:40 (68.42.1) AuthenticationAllowed completed: record "adamlouis", result: Success (0).
Dec 29 18:02:57 (68.43.1) AuthenticationAllowed completed: record "adamlouis", result: Success (0).
Dec 29 18:03:27 (68.44.1) AuthenticationAllowed completed: record "adamlouis", result: Success (0).
Dec 29 18:07:08 (68.45.1) AuthenticationAllowed completed: record "adamlouis", result: Success (0).
Dec 29 18:10:42 Account Policy Helper agent starting
Dec 29 18:10:42 (68.1.1) PasswordChangeAllowed completed: record "_mbsetupuser", result: Success (0).
Dec 29 18:10:42 (68.2.1) PasswordChangeAllowed completed: record "adamlouis", result: Success (0).
Dec 29 18:10:42 (68.3.1) AuthenticationAllowed completed: record "adamlouis", result: Success (0).
Dec 29 18:10:42 (68.4.1) AuthenticationAllowed completed: record "_mbsetupuser", result: Success (0).
Dec 29 18:10:42 (68.5.1) AuthenticationAllowed completed: record "adamlouis", result: Success (0).
Dec 29 18:10:42 (68.6.1) SecondsUntilPasswordExpires completed: record "adamlouis", result: never expires.
Dec 29 18:10:47 (68.7.1) AuthenticationAllowed completed: record "adamlouis", result: Success (0).
Dec 29 18:10:47 (68.8.1) AuthenticationAllowed completed: record "adamlouis", result: Success (0).
Dec 29 18:10:47 (68.9.1) AuthenticationAllowed completed: record "adamlouis", result: Success (0).
Dec 29 18:10:47 (68.10.1) PasswordChangeAllowed completed: record "adamlouis", result: Success (0).
Dec 29 18:10:47 (68.11.1) AuthenticationAllowed completed: record "adamlouis", result: Success (0).
Dec 29 18:12:29 (68.12.1) AuthenticationAllowed completed: record "adamlouis", result: Success (0).
Dec 29 18:25:01 (68.13.1) AuthenticationAllowed completed: record "adamlouis", result: Success (0).
Dec 29 18:26:46 (68.14.1) AuthenticationAllowed completed: record "adamlouis", result: Success (0).
Dec 29 18:26:46 (68.15.1) AuthenticationAllowed completed: record "adamlouis", result: Success (0).
