Dec 29 01:46:46 Adams-MacBook-Pro authd[98]: Succeeded authorizing right 'com.apple.DiskManagement.Erase' by client '/usr/libexec/diskmanagementd' [167] for authorization created by '/usr/libexec/diskmanagementstartup' [53] (B,0)
Dec 29 01:47:01 Adams-MBP authd[98]: Succeeded authorizing right 'system.login.console' by client '/System/Library/CoreServices/loginwindow.app' [87] for authorization created by '/System/Library/CoreServices/loginwindow.app' [87] (3,0)
Dec 29 01:47:01 Adams-MBP authd[98]: Succeeded authorizing right 'system.login.done' by client '/System/Library/CoreServices/loginwindow.app' [87] for authorization created by '/System/Library/CoreServices/loginwindow.app' [87] (2,0)
Dec 29 01:47:03 Adams-MBP authd[98]: Succeeded authorizing right 'system.services.systemconfiguration.network' by client '/usr/libexec/UserEventAgent' [217] for authorization created by '/usr/libexec/UserEventAgent' [217] (0,0)
Dec 29 01:51:47 Adams-MacBook-Pro authd[125]: Succeeded authorizing right 'com.apple.DiskManagement.Erase' by client '/usr/libexec/diskmanagementd' [162] for authorization created by '/usr/libexec/diskmanagementstartup' [53] (B,0)
Dec 29 01:52:38 Adams-MBP authd[125]: Succeeded authorizing right 'system.login.console' by client '/System/Library/CoreServices/loginwindow.app' [87] for authorization created by '/System/Library/CoreServices/loginwindow.app' [87] (3,0)
Dec 29 01:52:38 Adams-MBP authd[125]: Succeeded authorizing right 'system.login.done' by client '/System/Library/CoreServices/loginwindow.app' [87] for authorization created by '/System/Library/CoreServices/loginwindow.app' [87] (2,0)
Dec 29 01:52:40 Adams-MBP authd[125]: Succeeded authorizing right 'system.services.systemconfiguration.network' by client '/usr/libexec/UserEventAgent' [220] for authorization created by '/usr/libexec/UserEventAgent' [220] (0,0)
Dec 29 02:19:16 Adams-MBP authd[125]: UID 501 authenticated as user adamlouis (UID 501) for right 'com.apple.desktopservices'
Dec 29 02:19:16 Adams-MBP authd[125]: Succeeded authorizing right 'com.apple.desktopservices' by client '/System/Library/PrivateFrameworks/DesktopServicesPriv.framework/Versions/A/Resources/DesktopServicesHelper' [1567] for authorization created by '/System/Library/CoreServices/Finder.app' [229] (3,0)
Dec 29 02:19:40 Adams-MBP authd[125]: UID 501 authenticated as user adamlouis (UID 501) for right 'com.apple.desktopservices'
Dec 29 02:19:40 Adams-MBP authd[125]: Succeeded authorizing right 'com.apple.desktopservices' by client '/System/Library/PrivateFrameworks/DesktopServicesPriv.framework/Versions/A/Resources/DesktopServicesHelper' [1592] for authorization created by '/System/Library/CoreServices/Finder.app' [229] (3,0)
Dec 29 02:19:50 Adams-MBP authd[125]: UID 501 authenticated as user adamlouis (UID 501) for right 'com.apple.desktopservices'
Dec 29 02:19:50 Adams-MBP authd[125]: Succeeded authorizing right 'com.apple.desktopservices' by client '/System/Library/PrivateFrameworks/DesktopServicesPriv.framework/Versions/A/Resources/DesktopServicesHelper' [1598] for authorization created by '/System/Library/CoreServices/Finder.app' [229] (3,0)
Dec 29 02:24:38 Adams-MBP authd[125]: Succeeded authorizing right 'system.burn' by client '/System/Library/CoreServices/Finder.app' [229] for authorization created by '/System/Library/CoreServices/Finder.app' [229] (10000B,0)
Dec 29 02:29:10 localhost authd[125]: Succeeded authorizing right 'com.apple.DiskManagement.Erase' by client '/usr/libexec/diskmanagementd' [163] for authorization created by '/usr/libexec/diskmanagementstartup' [53] (B,0)
Dec 29 02:29:27 Adams-MBP authd[125]: Succeeded authorizing right 'system.login.console' by client '/System/Library/CoreServices/loginwindow.app' [87] for authorization created by '/System/Library/CoreServices/loginwindow.app' [87] (3,0)
Dec 29 02:29:27 Adams-MBP authd[125]: Succeeded authorizing right 'system.login.done' by client '/System/Library/CoreServices/loginwindow.app' [87] for authorization created by '/System/Library/CoreServices/loginwindow.app' [87] (2,0)
Dec 29 02:29:28 Adams-MBP authd[125]: Succeeded authorizing right 'system.services.systemconfiguration.network' by client '/usr/libexec/UserEventAgent' [215] for authorization created by '/usr/libexec/UserEventAgent' [215] (0,0)
Dec 29 02:32:47 Adams-MBP authd[125]: Succeeded authorizing right 'com.apple.SoftwareUpdate.modify-settings' by client '/System/Library/PreferencePanes/AppStore.prefPane/Contents/XPCServices/com.apple.preferences.appstore.remoteservice.xpc' [508] for authorization created by '/System/Library/PreferencePanes/AppStore.prefPane/Contents/XPCServices/com.apple.preferences.appstore.remoteservice.xpc' [508] (12,0)
Dec 29 02:32:47 Adams-MBP authd[125]: Succeeded authorizing right 'system.preferences.softwareupdate' by client '/System/Library/PreferencePanes/AppStore.prefPane/Contents/XPCServices/com.apple.preferences.appstore.remoteservice.xpc' [508] for authorization created by '/System/Library/PreferencePanes/AppStore.prefPane/Contents/XPCServices/com.apple.preferences.appstore.remoteservice.xpc' [508] (12,0)
Dec 29 02:32:47 Adams-MBP authd[125]: Succeeded authorizing right 'system.preferences.softwareupdate' by client '/System/Library/PrivateFrameworks/SoftwareUpdate.framework/Versions/A/Resources/suhelperd' [326] for authorization created by '/System/Library/PreferencePanes/AppStore.prefPane/Contents/XPCServices/com.apple.preferences.appstore.remoteservice.xpc' [508] (2,0)
Dec 29 02:32:47 Adams-MBP authd[125]: Succeeded authorizing right 'com.apple.SoftwareUpdate.modify-settings' by client '/System/Library/PrivateFrameworks/SoftwareUpdate.framework/Versions/A/Resources/suhelperd' [326] for authorization created by '/System/Library/PreferencePanes/AppStore.prefPane/Contents/XPCServices/com.apple.preferences.appstore.remoteservice.xpc' [508] (2,0)
Dec 29 02:32:47 Adams-MBP authd[125]: Succeeded authorizing right 'com.apple.SoftwareUpdate.modify-settings' by client '/System/Library/PreferencePanes/AppStore.prefPane/Contents/XPCServices/com.apple.preferences.appstore.remoteservice.xpc' [508] for authorization created by '/System/Library/PreferencePanes/AppStore.prefPane/Contents/XPCServices/com.apple.preferences.appstore.remoteservice.xpc' [508] (12,0)
Dec 29 02:32:47 Adams-MBP authd[125]: Succeeded authorizing right 'system.preferences.softwareupdate' by client '/System/Library/PreferencePanes/AppStore.prefPane/Contents/XPCServices/com.apple.preferences.appstore.remoteservice.xpc' [508] for authorization created by '/System/Library/PreferencePanes/AppStore.prefPane/Contents/XPCServices/com.apple.preferences.appstore.remoteservice.xpc' [508] (12,0)
Dec 29 02:32:57 Adams-MBP authd[125]: Succeeded authorizing right 'com.apple.SoftwareUpdate.modify-settings' by client '/System/Library/PreferencePanes/AppStore.prefPane/Contents/XPCServices/com.apple.preferences.appstore.remoteservice.xpc' [520] for authorization created by '/System/Library/PreferencePanes/AppStore.prefPane/Contents/XPCServices/com.apple.preferences.appstore.remoteservice.xpc' [520] (12,0)
Dec 29 02:32:57 Adams-MBP authd[125]: Succeeded authorizing right 'system.preferences.softwareupdate' by client '/System/Library/PreferencePanes/AppStore.prefPane/Contents/XPCServices/com.apple.preferences.appstore.remoteservice.xpc' [520] for authorization created by '/System/Library/PreferencePanes/AppStore.prefPane/Contents/XPCServices/com.apple.preferences.appstore.remoteservice.xpc' [520] (12,0)
Dec 29 02:32:57 Adams-MBP authd[125]: Succeeded authorizing right 'system.preferences.softwareupdate' by client '/System/Library/PrivateFrameworks/SoftwareUpdate.framework/Versions/A/Resources/suhelperd' [326] for authorization created by '/System/Library/PreferencePanes/AppStore.prefPane/Contents/XPCServices/com.apple.preferences.appstore.remoteservice.xpc' [520] (2,0)
Dec 29 02:32:57 Adams-MBP authd[125]: Succeeded authorizing right 'com.apple.SoftwareUpdate.modify-settings' by client '/System/Library/PrivateFrameworks/SoftwareUpdate.framework/Versions/A/Resources/suhelperd' [326] for authorization created by '/System/Library/PreferencePanes/AppStore.prefPane/Contents/XPCServices/com.apple.preferences.appstore.remoteservice.xpc' [520] (2,0)
Dec 29 02:32:57 Adams-MBP authd[125]: Succeeded authorizing right 'com.apple.SoftwareUpdate.modify-settings' by client '/System/Library/PreferencePanes/AppStore.prefPane/Contents/XPCServices/com.apple.preferences.appstore.remoteservice.xpc' [520] for authorization created by '/System/Library/PreferencePanes/AppStore.prefPane/Contents/XPCServices/com.apple.preferences.appstore.remoteservice.xpc' [520] (12,0)
Dec 29 02:32:57 Adams-MBP authd[125]: Succeeded authorizing right 'system.preferences.softwareupdate' by client '/System/Library/PreferencePanes/AppStore.prefPane/Contents/XPCServices/com.apple.preferences.appstore.remoteservice.xpc' [520] for authorization created by '/System/Library/PreferencePanes/AppStore.prefPane/Contents/XPCServices/com.apple.preferences.appstore.remoteservice.xpc' [520] (12,0)
Dec 29 02:45:01 Adams-MBP authd[125]: Succeeded authorizing right 'system.install.app-store-software' by client '/System/Library/PrivateFrameworks/CommerceKit.framework/Versions/A/Resources/storedownloadd' [549] for authorization created by '/System/Library/PrivateFrameworks/CommerceKit.framework/Versions/A/Resources/storedownloadd' [549] (12,0)
Dec 29 02:45:01 Adams-MBP authd[125]: Succeeded authorizing right 'system.install.apple-software' by client '/System/Library/PrivateFrameworks/CommerceKit.framework/Versions/A/Resources/storedownloadd' [549] for authorization created by '/System/Library/PrivateFrameworks/CommerceKit.framework/Versions/A/Resources/storedownloadd' [549] (12,0)
Dec 29 02:45:01 Adams-MBP authd[125]: Succeeded authorizing right 'system.install.software.mdm-provided' by client '/System/Library/PrivateFrameworks/CommerceKit.framework/Versions/A/Resources/storedownloadd' [549] for authorization created by '/System/Library/PrivateFrameworks/CommerceKit.framework/Versions/A/Resources/storedownloadd' [549] (12,0)
Dec 29 02:45:01 Adams-MBP authd[125]: Succeeded authorizing right 'system.install.apple-software' by client '/System/Library/PrivateFrameworks/PackageKit.framework/Versions/A/Resources/installd' [296] for authorization created by '/System/Library/PrivateFrameworks/CommerceKit.framework/Versions/A/Resources/storedownloadd' [549] (4,0)
Dec 29 02:45:01 Adams-MBP authd[125]: Succeeded authorizing right 'system.install.apple-software.standard-user' by client '/System/Library/PrivateFrameworks/PackageKit.framework/Versions/A/Resources/installd' [296] for authorization created by '/System/Library/PrivateFrameworks/CommerceKit.framework/Versions/A/Resources/storedownloadd' [549] (4,0)
Dec 29 02:45:01 Adams-MBP authd[125]: Succeeded authorizing right 'system.install.app-store-software' by client '/System/Library/PrivateFrameworks/PackageKit.framework/Versions/A/Resources/installd' [296] for authorization created by '/System/Library/PrivateFrameworks/CommerceKit.framework/Versions/A/Resources/storedownloadd' [549] (4,0)
Dec 29 02:45:01 Adams-MBP authd[125]: Succeeded authorizing right 'system.install.app-store-software.standard-user' by client '/System/Library/PrivateFrameworks/PackageKit.framework/Versions/A/Resources/installd' [296] for authorization created by '/System/Library/PrivateFrameworks/CommerceKit.framework/Versions/A/Resources/storedownloadd' [549] (4,0)
Dec 29 02:45:01 Adams-MBP authd[125]: Succeeded authorizing right 'system.install.software.mdm-provided' by client '/System/Library/PrivateFrameworks/PackageKit.framework/Versions/A/Resources/installd' [296] for authorization created by '/System/Library/PrivateFrameworks/CommerceKit.framework/Versions/A/Resources/storedownloadd' [549] (4,0)
Dec 29 02:45:01 Adams-MBP authd[125]: Succeeded authorizing right 'system.install.apple-software.standard-user' by client '/System/Library/PrivateFrameworks/CommerceKit.framework/Versions/A/Resources/storedownloadd' [549] for authorization created by '/System/Library/PrivateFrameworks/CommerceKit.framework/Versions/A/Resources/storedownloadd' [549] (3,0)
Dec 29 02:45:01 Adams-MBP authd[125]: Succeeded authorizing right 'system.install.apple-software' by client '/System/Library/CoreServices/Software Update.app/Contents/Resources/softwareupdated' [325] for authorization created by '/System/Library/PrivateFrameworks/CommerceKit.framework/Versions/A/Resources/storedownloadd' [549] (4,0)
Dec 29 02:45:01 Adams-MBP authd[125]: Succeeded authorizing right 'system.install.apple-software.standard-user' by client '/System/Library/CoreServices/Software Update.app/Contents/Resources/softwareupdated' [325] for authorization created by '/System/Library/PrivateFrameworks/CommerceKit.framework/Versions/A/Resources/storedownloadd' [549] (4,0)
Dec 29 03:15:25 Adams-MacBook-Pro authd[125]: Succeeded authorizing right 'com.apple.DiskManagement.Erase' by client '/usr/libexec/diskmanagementd' [162] for authorization created by '/usr/libexec/diskmanagementstartup' [53] (B,0)
Dec 29 03:16:21 Adams-MBP authd[125]: Succeeded authorizing right 'system.login.console' by client '/System/Library/CoreServices/loginwindow.app' [87] for authorization created by '/System/Library/CoreServices/loginwindow.app' [87] (3,0)
Dec 29 03:16:21 Adams-MBP authd[125]: Succeeded authorizing right 'system.login.done' by client '/System/Library/CoreServices/loginwindow.app' [87] for authorization created by '/System/Library/CoreServices/loginwindow.app' [87] (2,0)
Dec 29 03:16:22 Adams-MBP authd[125]: Succeeded authorizing right 'system.services.systemconfiguration.network' by client '/usr/libexec/UserEventAgent' [221] for authorization created by '/usr/libexec/UserEventAgent' [221] (0,0)
Dec 29 14:25:11 Adams-MBP authd[125]: Succeeded authorizing right 'system.burn' by client '/System/Library/CoreServices/Finder.app' [230] for authorization created by '/System/Library/CoreServices/Finder.app' [230] (10000B,0)
Dec 29 14:26:52 Adams-MBP authd[125]: Succeeded authorizing right 'com.apple.security.assessment.update' by client '/usr/libexec/syspolicyd' [7020] for authorization created by '/System/Library/CoreServices/CoreServicesUIAgent.app' [7273] (3,0)
Dec 29 14:32:11 localhost authd[125]: Succeeded authorizing right 'com.apple.DiskManagement.Erase' by client '/usr/libexec/diskmanagementd' [159] for authorization created by '/usr/libexec/diskmanagementstartup' [53] (B,0)
Dec 29 14:32:26 Adams-MBP authd[125]: Succeeded authorizing right 'system.login.console' by client '/System/Library/CoreServices/loginwindow.app' [87] for authorization created by '/System/Library/CoreServices/loginwindow.app' [87] (3,0)
Dec 29 14:32:27 Adams-MBP authd[125]: Succeeded authorizing right 'system.login.done' by client '/System/Library/CoreServices/loginwindow.app' [87] for authorization created by '/System/Library/CoreServices/loginwindow.app' [87] (2,0)
Dec 29 14:32:28 Adams-MBP authd[125]: Succeeded authorizing right 'system.services.systemconfiguration.network' by client '/usr/libexec/UserEventAgent' [216] for authorization created by '/usr/libexec/UserEventAgent' [216] (0,0)
Dec 29 14:35:40 Adams-MBP authd[125]: Succeeded authorizing right 'system.install.apple-software.standard-user' by client '/System/Library/CoreServices/Install Command Line Developer Tools.app' [523] for authorization created by '/System/Library/CoreServices/Install Command Line Developer Tools.app' [523] (2,0)
Dec 29 14:35:40 Adams-MBP authd[125]: Succeeded authorizing right 'system.install.apple-software' by client '/System/Library/CoreServices/Software Update.app/Contents/Resources/softwareupdated' [324] for authorization created by '/System/Library/CoreServices/Install Command Line Developer Tools.app' [523] (4,0)
Dec 29 14:35:40 Adams-MBP authd[125]: Succeeded authorizing right 'system.install.apple-software.standard-user' by client '/System/Library/CoreServices/Software Update.app/Contents/Resources/softwareupdated' [324] for authorization created by '/System/Library/CoreServices/Install Command Line Developer Tools.app' [523] (4,0)
Dec 29 14:35:40 Adams-MBP authd[125]: Succeeded authorizing right 'system.install.apple-software' by client '/System/Library/PrivateFrameworks/PackageKit.framework/Versions/A/Resources/installd' [293] for authorization created by '/System/Library/CoreServices/Install Command Line Developer Tools.app' [523] (4,0)
Dec 29 14:35:40 Adams-MBP authd[125]: Succeeded authorizing right 'system.install.apple-software.standard-user' by client '/System/Library/PrivateFrameworks/PackageKit.framework/Versions/A/Resources/installd' [293] for authorization created by '/System/Library/CoreServices/Install Command Line Developer Tools.app' [523] (4,0)
Dec 29 14:36:56 Adams-MBP authd[125]: Succeeded authorizing right 'system.install.apple-software' by client '/System/Library/PrivateFrameworks/PackageKit.framework/Versions/A/Resources/system_installd' [636] for authorization created by '/System/Library/CoreServices/Install Command Line Developer Tools.app' [523] (4,0)
Dec 29 14:36:56 Adams-MBP authd[125]: Succeeded authorizing right 'system.install.apple-software.standard-user' by client '/System/Library/PrivateFrameworks/PackageKit.framework/Versions/A/Resources/system_installd' [636] for authorization created by '/System/Library/CoreServices/Install Command Line Developer Tools.app' [523] (4,0)
Dec 29 14:40:53 Adams-MacBook-Pro authd[124]: Succeeded authorizing right 'com.apple.DiskManagement.Erase' by client '/usr/libexec/diskmanagementd' [161] for authorization created by '/usr/libexec/diskmanagementstartup' [53] (B,0)
Dec 29 14:41:06 Adams-MBP authd[124]: Succeeded authorizing right 'system.login.console' by client '/System/Library/CoreServices/loginwindow.app' [87] for authorization created by '/System/Library/CoreServices/loginwindow.app' [87] (3,0)
Dec 29 14:41:07 Adams-MBP authd[124]: Succeeded authorizing right 'system.login.done' by client '/System/Library/CoreServices/loginwindow.app' [87] for authorization created by '/System/Library/CoreServices/loginwindow.app' [87] (2,0)
Dec 29 14:41:11 Adams-MBP authd[124]: Succeeded authorizing right 'system.services.systemconfiguration.network' by client '/usr/libexec/UserEventAgent' [216] for authorization created by '/usr/libexec/UserEventAgent' [216] (0,0)
Dec 29 14:45:35 Adams-MacBook-Pro authd[116]: Succeeded authorizing right 'com.apple.DiskManagement.Erase' by client '/usr/libexec/diskmanagementd' [162] for authorization created by '/usr/libexec/diskmanagementstartup' [53] (B,0)
Dec 29 14:45:48 Adams-MBP authd[116]: Succeeded authorizing right 'system.login.console' by client '/System/Library/CoreServices/loginwindow.app' [87] for authorization created by '/System/Library/CoreServices/loginwindow.app' [87] (3,0)
Dec 29 14:45:48 Adams-MBP authd[116]: Succeeded authorizing right 'system.login.done' by client '/System/Library/CoreServices/loginwindow.app' [87] for authorization created by '/System/Library/CoreServices/loginwindow.app' [87] (2,0)
Dec 29 14:45:49 Adams-MBP authd[116]: Succeeded authorizing right 'system.services.systemconfiguration.network' by client '/usr/libexec/UserEventAgent' [215] for authorization created by '/usr/libexec/UserEventAgent' [215] (0,0)
Dec 29 15:14:14 Adams-MacBook-Pro authd[98]: Succeeded authorizing right 'com.apple.DiskManagement.Erase' by client '/usr/libexec/diskmanagementd' [163] for authorization created by '/usr/libexec/diskmanagementstartup' [53] (B,0)
Dec 29 15:15:25 Adams-MBP authd[98]: Succeeded authorizing right 'system.login.console' by client '/System/Library/CoreServices/loginwindow.app' [87] for authorization created by '/System/Library/CoreServices/loginwindow.app' [87] (3,0)
Dec 29 15:15:26 Adams-MBP authd[98]: Succeeded authorizing right 'system.login.done' by client '/System/Library/CoreServices/loginwindow.app' [87] for authorization created by '/System/Library/CoreServices/loginwindow.app' [87] (2,0)
Dec 29 15:15:27 Adams-MBP authd[98]: Succeeded authorizing right 'system.services.systemconfiguration.network' by client '/usr/libexec/UserEventAgent' [220] for authorization created by '/usr/libexec/UserEventAgent' [220] (0,0)
Dec 29 15:23:10 Adams-MBP authd[98]: UID 501 authenticated as user adamlouis (UID 501) for right 'system.install.software'
Dec 29 15:23:10 Adams-MBP authd[98]: Succeeded authorizing right 'system.install.software' by client '/System/Library/CoreServices/Installer.app' [21036] for authorization created by '/System/Library/CoreServices/Installer.app' [21036] (3,0)
Dec 29 15:23:11 Adams-MBP authd[98]: Succeeded authorizing right 'system.install.apple-software' by client '/System/Library/PrivateFrameworks/PackageKit.framework/Versions/A/Resources/installd' [302] for authorization created by '/System/Library/CoreServices/Installer.app' [21036] (4,0)
Dec 29 15:23:11 Adams-MBP authd[98]: Succeeded authorizing right 'system.install.apple-software.standard-user' by client '/System/Library/PrivateFrameworks/PackageKit.framework/Versions/A/Resources/installd' [302] for authorization created by '/System/Library/CoreServices/Installer.app' [21036] (4,0)
Dec 29 15:23:11 Adams-MBP authd[98]: Succeeded authorizing right 'system.install.app-store-software.standard-user' by client '/System/Library/PrivateFrameworks/PackageKit.framework/Versions/A/Resources/installd' [302] for authorization created by '/System/Library/CoreServices/Installer.app' [21036] (4,0)
Dec 29 15:23:11 Adams-MBP authd[98]: Succeeded authorizing right 'system.install.software' by client '/System/Library/PrivateFrameworks/PackageKit.framework/Versions/A/Resources/installd' [302] for authorization created by '/System/Library/CoreServices/Installer.app' [21036] (4,0)
Dec 29 15:32:26 Adams-MacBook-Pro authd[94]: Succeeded authorizing right 'com.apple.DiskManagement.Erase' by client '/usr/libexec/diskmanagementd' [175] for authorization created by '/usr/libexec/diskmanagementstartup' [53] (B,0)
Dec 29 15:32:36 Adams-MBP authd[94]: Succeeded authorizing right 'system.login.console' by client '/System/Library/CoreServices/loginwindow.app' [87] for authorization created by '/System/Library/CoreServices/loginwindow.app' [87] (3,0)
Dec 29 15:32:36 Adams-MBP authd[94]: Succeeded authorizing right 'system.login.done' by client '/System/Library/CoreServices/loginwindow.app' [87] for authorization created by '/System/Library/CoreServices/loginwindow.app' [87] (2,0)
Dec 29 15:32:37 Adams-MBP authd[94]: Succeeded authorizing right 'system.services.systemconfiguration.network' by client '/usr/libexec/UserEventAgent' [215] for authorization created by '/usr/libexec/UserEventAgent' [215] (0,0)
Dec 29 18:10:31 Adams-MacBook-Pro authd[124]: Succeeded authorizing right 'com.apple.DiskManagement.Erase' by client '/usr/libexec/diskmanagementd' [163] for authorization created by '/usr/libexec/diskmanagementstartup' [53] (B,0)
Dec 29 18:10:47 Adams-MBP authd[124]: Succeeded authorizing right 'system.login.console' by client '/System/Library/CoreServices/loginwindow.app' [87] for authorization created by '/System/Library/CoreServices/loginwindow.app' [87] (3,0)
Dec 29 18:10:48 Adams-MBP authd[124]: Succeeded authorizing right 'system.login.done' by client '/System/Library/CoreServices/loginwindow.app' [87] for authorization created by '/System/Library/CoreServices/loginwindow.app' [87] (2,0)
Dec 29 18:10:49 Adams-MBP authd[124]: Succeeded authorizing right 'system.services.systemconfiguration.network' by client '/usr/libexec/UserEventAgent' [215] for authorization created by '/usr/libexec/UserEventAgent' [215] (0,0)
Dec 29 18:26:46 Adams-MBP authd[124]: UID 501 authenticated as user adamlouis (UID 501) for right 'com.apple.desktopservices'
Dec 29 18:26:46 Adams-MBP authd[124]: Succeeded authorizing right 'com.apple.desktopservices' by client '/System/Library/PrivateFrameworks/DesktopServicesPriv.framework/Versions/A/Resources/DesktopServicesHelper' [1116] for authorization created by '/System/Library/CoreServices/Finder.app' [224] (3,0)
