2015-12-29 18:10:25.647708 PST - AID: 0x0000000000000000 - opendirectoryd (build 406.10.1) launched...
2015-12-29 18:10:26.024963 PST - AID: 0x0000000000000000 - Logging level limit changed to 'error'
2015-12-29 18:10:26.714496 PST - AID: 0x0000000000000000 - Initialize trigger support
2015-12-29 18:10:26.721028 PST - AID: 0x0000000000000000 - Loaded bundle at path '/System/Library/OpenDirectory/Modules/SystemCache.bundle'
2015-12-29 18:10:27.375403 PST - AID: 0x0000000000000000 - Registered node with name '/Active Directory' as hidden
2015-12-29 18:10:27.375735 PST - AID: 0x0000000000000000 - Registered node with name '/Configure' as hidden
2015-12-29 18:10:27.376224 PST - AID: 0x0000000000000000 - Discovered configuration for node name '/Contacts' at path '/Library/Preferences/OpenDirectory/Configurations//Contacts.plist'
2015-12-29 18:10:27.376488 PST - AID: 0x0000000000000000 - Registered node with name '/Contacts'
2015-12-29 18:10:27.376905 PST - AID: 0x0000000000000000 - Registered node with name '/LDAPv3' as hidden
2015-12-29 18:10:27.380370 PST - AID: 0x0000000000000000 - Registered node with name '/Local' as hidden
2015-12-29 18:10:27.382119 PST - AID: 0x0000000000000000 - Registered node with name '/NIS' as hidden
2015-12-29 18:10:27.382663 PST - AID: 0x0000000000000000 - Discovered configuration for node name '/Search' at path '/Library/Preferences/OpenDirectory/Configurations//Search.plist'
2015-12-29 18:10:27.382684 PST - AID: 0x0000000000000000 - Registered node with name '/Search'
2015-12-29 18:10:27.385882 PST - AID: 0x0000000000000000 - Loaded bundle at path '/System/Library/OpenDirectory/Modules/legacy.bundle'
2015-12-29 18:10:27.389714 PST - AID: 0x0000000000000000 - Loaded bundle at path '/System/Library/OpenDirectory/Modules/search.bundle'
2015-12-29 18:10:27.394301 PST - AID: 0x0000000000000000 - '/Search' has registered, loading additional services
2015-12-29 18:10:27.394310 PST - AID: 0x0000000000000000 - Initialize augmentation support
2015-12-29 18:10:27.405251 PST - AID: 0x0000000000000000 - Successfully registered for Kernel identity service requests
2015-12-29 18:10:27.405273 PST - AID: 0x0000000000000000 - Adjusting kernel ID cache (100 -> 250) and membership cache (100 -> 500)
2015-12-29 18:10:27.417356 PST - AID: 0x0000000000000000 - Loaded bundle at path '/System/Library/OpenDirectory/Modules/PlistFile.bundle'
2015-12-29 18:10:27.421595 PST - AID: 0x0000000000000000 - Loaded bundle at path '/System/Library/OpenDirectory/Modules/FDESupport.bundle'
2015-12-29 18:10:27.430293 PST - AID: 0x0000000000000000 - Loaded bundle at path '/System/Library/OpenDirectory/Modules/AppleID.bundle'
2015-12-29 18:10:27.433319 PST - AID: 0x0000000000000000 - Registered subnode with name '/Local/Default'
2015-12-29 18:10:36.412557 PST - AID: 0x0000000000000000 - Loaded bundle at path '/System/Library/OpenDirectory/Modules/ldap.bundle'
